{"contracts/ConvertLib.sol":{"l":{"6":1},"path":"/Users/shubhamtatvamasi/myFiles/research/truffle/MetaCoin/contracts/ConvertLib.sol","s":{"1":1},"b":{},"f":{"1":1},"fnMap":{"1":{"name":"convert","line":4,"loc":{"start":{"line":4,"column":2},"end":{"line":5,"column":3}}}},"statementMap":{"1":{"start":{"line":6,"column":4},"end":{"line":6,"column":34}}},"branchMap":{}},"contracts/MetaCoin.sol":{"l":{"16":3,"20":1,"21":1,"22":1,"23":1,"24":1,"28":1,"32":9},"path":"/Users/shubhamtatvamasi/myFiles/research/truffle/MetaCoin/contracts/MetaCoin.sol","s":{"1":3,"2":1,"3":1,"4":1,"5":1,"6":1,"7":1,"8":9},"b":{"1":[1,0]},"f":{"1":3,"2":1,"3":1,"4":9},"fnMap":{"1":{"name":null,"line":15,"loc":{"start":{"line":15,"column":2},"end":{"line":15,"column":22}}},"2":{"name":"sendCoin","line":19,"loc":{"start":{"line":19,"column":2},"end":{"line":19,"column":82}}},"3":{"name":"getBalanceInEth","line":27,"loc":{"start":{"line":27,"column":2},"end":{"line":27,"column":65}}},"4":{"name":"getBalance","line":31,"loc":{"start":{"line":31,"column":2},"end":{"line":31,"column":61}}}},"statementMap":{"1":{"start":{"line":16,"column":4},"end":{"line":16,"column":30}},"2":{"start":{"line":20,"column":4},"end":{"line":20,"column":77}},"3":{"start":{"line":21,"column":4},"end":{"line":21,"column":33}},"4":{"start":{"line":22,"column":4},"end":{"line":22,"column":31}},"5":{"start":{"line":23,"column":4},"end":{"line":23,"column":47}},"6":{"start":{"line":24,"column":4},"end":{"line":24,"column":15}},"7":{"start":{"line":28,"column":4},"end":{"line":28,"column":49}},"8":{"start":{"line":32,"column":4},"end":{"line":32,"column":25}}},"branchMap":{"1":{"line":20,"type":"if","locations":[{"start":{"line":20,"column":4},"end":{"line":20,"column":4}},{"start":{"line":20,"column":4},"end":{"line":20,"column":4}}]}}}}